{"/Users/jbrennan/Cole Dev/nickname generator/backend/src/controllers/image.ts": {"path":"/Users/jbrennan/Cole Dev/nickname generator/backend/src/controllers/image.ts","statementMap":{"0":{"start":{"line":2,"column":0},"end":{"line":2,"column":46}},"1":{"start":{"line":3,"column":0},"end":{"line":3,"column":28}},"2":{"start":{"line":6,"column":0},"end":{"line":10,"column":3}},"3":{"start":{"line":13,"column":15},"end":{"line":15,"column":2}},"4":{"start":{"line":18,"column":22},"end":{"line":18,"column":37}},"5":{"start":{"line":19,"column":24},"end":{"line":19,"column":65}},"6":{"start":{"line":20,"column":28},"end":{"line":20,"column":32}},"7":{"start":{"line":22,"column":29},"end":{"line":45,"column":1}},"8":{"start":{"line":24,"column":16},"end":{"line":24,"column":72}},"9":{"start":{"line":26,"column":2},"end":{"line":28,"column":3}},"10":{"start":{"line":27,"column":4},"end":{"line":27,"column":59}},"11":{"start":{"line":30,"column":19},"end":{"line":30,"column":27}},"12":{"start":{"line":31,"column":21},"end":{"line":31,"column":29}},"13":{"start":{"line":34,"column":2},"end":{"line":36,"column":3}},"14":{"start":{"line":35,"column":4},"end":{"line":35,"column":91}},"15":{"start":{"line":39,"column":22},"end":{"line":39,"column":62}},"16":{"start":{"line":40,"column":2},"end":{"line":42,"column":3}},"17":{"start":{"line":41,"column":4},"end":{"line":41,"column":66}},"18":{"start":{"line":44,"column":2},"end":{"line":44,"column":25}},"19":{"start":{"line":22,"column":13},"end":{"line":22,"column":29}},"20":{"start":{"line":47,"column":27},"end":{"line":77,"column":2}},"21":{"start":{"line":47,"column":65},"end":{"line":77,"column":2}},"22":{"start":{"line":48,"column":2},"end":{"line":76,"column":3}},"23":{"start":{"line":49,"column":4},"end":{"line":51,"column":5}},"24":{"start":{"line":50,"column":6},"end":{"line":50,"column":66}},"25":{"start":{"line":54,"column":23},"end":{"line":54,"column":52}},"26":{"start":{"line":55,"column":4},"end":{"line":57,"column":5}},"27":{"start":{"line":56,"column":6},"end":{"line":56,"column":63}},"28":{"start":{"line":60,"column":19},"end":{"line":67,"column":6}},"29":{"start":{"line":69,"column":4},"end":{"line":72,"column":7}},"30":{"start":{"line":74,"column":4},"end":{"line":74,"column":51}},"31":{"start":{"line":75,"column":4},"end":{"line":75,"column":62}},"32":{"start":{"line":47,"column":13},"end":{"line":47,"column":27}},"33":{"start":{"line":79,"column":27},"end":{"line":99,"column":2}},"34":{"start":{"line":79,"column":65},"end":{"line":99,"column":2}},"35":{"start":{"line":80,"column":2},"end":{"line":98,"column":3}},"36":{"start":{"line":81,"column":26},"end":{"line":81,"column":36}},"37":{"start":{"line":83,"column":4},"end":{"line":85,"column":5}},"38":{"start":{"line":84,"column":6},"end":{"line":84,"column":69}},"39":{"start":{"line":88,"column":19},"end":{"line":88,"column":63}},"40":{"start":{"line":90,"column":4},"end":{"line":94,"column":5}},"41":{"start":{"line":91,"column":6},"end":{"line":91,"column":70}},"42":{"start":{"line":93,"column":6},"end":{"line":93,"column":76}},"43":{"start":{"line":96,"column":4},"end":{"line":96,"column":50}},"44":{"start":{"line":97,"column":4},"end":{"line":97,"column":62}},"45":{"start":{"line":79,"column":13},"end":{"line":79,"column":27}},"46":{"start":{"line":101,"column":35},"end":{"line":123,"column":2}},"47":{"start":{"line":101,"column":73},"end":{"line":123,"column":2}},"48":{"start":{"line":102,"column":2},"end":{"line":122,"column":3}},"49":{"start":{"line":104,"column":19},"end":{"line":106,"column":16}},"50":{"start":{"line":108,"column":26},"end":{"line":108,"column":28}},"51":{"start":{"line":109,"column":4},"end":{"line":112,"column":5}},"52":{"start":{"line":110,"column":6},"end":{"line":110,"column":60}},"53":{"start":{"line":111,"column":6},"end":{"line":111,"column":45}},"54":{"start":{"line":114,"column":4},"end":{"line":118,"column":7}},"55":{"start":{"line":120,"column":4},"end":{"line":120,"column":54}},"56":{"start":{"line":121,"column":4},"end":{"line":121,"column":64}},"57":{"start":{"line":101,"column":13},"end":{"line":101,"column":35}},"58":{"start":{"line":125,"column":32},"end":{"line":156,"column":2}},"59":{"start":{"line":125,"column":70},"end":{"line":156,"column":2}},"60":{"start":{"line":126,"column":2},"end":{"line":155,"column":3}},"61":{"start":{"line":127,"column":25},"end":{"line":127,"column":33}},"62":{"start":{"line":129,"column":4},"end":{"line":131,"column":5}},"63":{"start":{"line":130,"column":6},"end":{"line":130,"column":70}},"64":{"start":{"line":133,"column":21},"end":{"line":144,"column":6}},"65":{"start":{"line":146,"column":4},"end":{"line":148,"column":5}},"66":{"start":{"line":147,"column":6},"end":{"line":147,"column":54}},"67":{"start":{"line":150,"column":21},"end":{"line":150,"column":56}},"68":{"start":{"line":151,"column":4},"end":{"line":151,"column":39}},"69":{"start":{"line":153,"column":4},"end":{"line":153,"column":55}},"70":{"start":{"line":154,"column":4},"end":{"line":154,"column":67}},"71":{"start":{"line":125,"column":13},"end":{"line":125,"column":32}}},"fnMap":{"0":{"name":"(anonymous_8)","decl":{"start":{"line":22,"column":29},"end":{"line":22,"column":30}},"loc":{"start":{"line":22,"column":90},"end":{"line":45,"column":1}}},"1":{"name":"(anonymous_9)","decl":{"start":{"line":47,"column":27},"end":{"line":47,"column":34}},"loc":{"start":{"line":47,"column":65},"end":{"line":77,"column":2}}},"2":{"name":"(anonymous_10)","decl":{"start":{"line":47,"column":65},"end":{"line":47,"column":null}},"loc":{"start":{"line":47,"column":65},"end":{"line":77,"column":1}}},"3":{"name":"(anonymous_11)","decl":{"start":{"line":79,"column":27},"end":{"line":79,"column":34}},"loc":{"start":{"line":79,"column":65},"end":{"line":99,"column":2}}},"4":{"name":"(anonymous_12)","decl":{"start":{"line":79,"column":65},"end":{"line":79,"column":null}},"loc":{"start":{"line":79,"column":65},"end":{"line":99,"column":1}}},"5":{"name":"(anonymous_13)","decl":{"start":{"line":101,"column":35},"end":{"line":101,"column":42}},"loc":{"start":{"line":101,"column":73},"end":{"line":123,"column":2}}},"6":{"name":"(anonymous_14)","decl":{"start":{"line":101,"column":73},"end":{"line":101,"column":null}},"loc":{"start":{"line":101,"column":73},"end":{"line":123,"column":1}}},"7":{"name":"(anonymous_15)","decl":{"start":{"line":125,"column":32},"end":{"line":125,"column":39}},"loc":{"start":{"line":125,"column":70},"end":{"line":156,"column":2}}},"8":{"name":"(anonymous_16)","decl":{"start":{"line":125,"column":70},"end":{"line":125,"column":null}},"loc":{"start":{"line":125,"column":70},"end":{"line":156,"column":1}}}},"branchMap":{"0":{"loc":{"start":{"line":26,"column":2},"end":{"line":28,"column":3}},"type":"if","locations":[{"start":{"line":26,"column":2},"end":{"line":28,"column":3}}]},"1":{"loc":{"start":{"line":34,"column":2},"end":{"line":36,"column":3}},"type":"if","locations":[{"start":{"line":34,"column":2},"end":{"line":36,"column":3}}]},"2":{"loc":{"start":{"line":40,"column":2},"end":{"line":42,"column":3}},"type":"if","locations":[{"start":{"line":40,"column":2},"end":{"line":42,"column":3}}]},"3":{"loc":{"start":{"line":49,"column":4},"end":{"line":51,"column":5}},"type":"if","locations":[{"start":{"line":49,"column":4},"end":{"line":51,"column":5}}]},"4":{"loc":{"start":{"line":55,"column":4},"end":{"line":57,"column":5}},"type":"if","locations":[{"start":{"line":55,"column":4},"end":{"line":57,"column":5}}]},"5":{"loc":{"start":{"line":83,"column":4},"end":{"line":85,"column":5}},"type":"if","locations":[{"start":{"line":83,"column":4},"end":{"line":85,"column":5}}]},"6":{"loc":{"start":{"line":90,"column":4},"end":{"line":94,"column":5}},"type":"if","locations":[{"start":{"line":90,"column":4},"end":{"line":94,"column":5}},{"start":{"line":92,"column":11},"end":{"line":94,"column":5}}]},"7":{"loc":{"start":{"line":129,"column":4},"end":{"line":131,"column":5}},"type":"if","locations":[{"start":{"line":129,"column":4},"end":{"line":131,"column":5}}]},"8":{"loc":{"start":{"line":146,"column":4},"end":{"line":148,"column":5}},"type":"if","locations":[{"start":{"line":146,"column":4},"end":{"line":148,"column":5}}]},"9":{"loc":{"start":{"line":146,"column":9},"end":{"line":146,"column":49}},"type":"cond-expr","locations":[{"start":{"line":146,"column":40},"end":{"line":146,"column":42}},{"start":{"line":146,"column":40},"end":{"line":146,"column":49}}]},"10":{"loc":{"start":{"line":146,"column":9},"end":{"line":146,"column":42}},"type":"binary-expr","locations":[{"start":{"line":146,"column":9},"end":{"line":146,"column":42}},{"start":{"line":146,"column":40},"end":{"line":146,"column":42}}]},"11":{"loc":{"start":{"line":146,"column":9},"end":{"line":146,"column":40}},"type":"cond-expr","locations":[{"start":{"line":146,"column":31},"end":{"line":146,"column":33}},{"start":{"line":146,"column":31},"end":{"line":146,"column":40}}]},"12":{"loc":{"start":{"line":146,"column":9},"end":{"line":146,"column":33}},"type":"binary-expr","locations":[{"start":{"line":146,"column":9},"end":{"line":146,"column":33}},{"start":{"line":146,"column":31},"end":{"line":146,"column":33}}]},"13":{"loc":{"start":{"line":146,"column":9},"end":{"line":146,"column":31}},"type":"cond-expr","locations":[{"start":{"line":146,"column":26},"end":{"line":146,"column":29}},{"start":{"line":146,"column":26},"end":{"line":146,"column":31}}]},"14":{"loc":{"start":{"line":146,"column":9},"end":{"line":146,"column":29}},"type":"binary-expr","locations":[{"start":{"line":146,"column":9},"end":{"line":146,"column":29}},{"start":{"line":146,"column":26},"end":{"line":146,"column":29}}]},"15":{"loc":{"start":{"line":146,"column":9},"end":{"line":146,"column":26}},"type":"cond-expr","locations":[{"start":{"line":146,"column":17},"end":{"line":146,"column":19}},{"start":{"line":146,"column":9},"end":{"line":146,"column":26}}]},"16":{"loc":{"start":{"line":146,"column":9},"end":{"line":146,"column":19}},"type":"binary-expr","locations":[{"start":{"line":146,"column":9},"end":{"line":146,"column":19}},{"start":{"line":146,"column":9},"end":{"line":146,"column":19}}]}},"s":{"0":1,"1":1,"2":1,"3":1,"4":1,"5":1,"6":1,"7":1,"8":6,"9":6,"10":1,"11":5,"12":5,"13":5,"14":1,"15":4,"16":4,"17":1,"18":3,"19":1,"20":1,"21":3,"22":3,"23":3,"24":1,"25":2,"26":2,"27":0,"28":2,"29":1,"30":1,"31":1,"32":1,"33":1,"34":3,"35":3,"36":3,"37":3,"38":1,"39":2,"40":2,"41":1,"42":1,"43":0,"44":0,"45":1,"46":1,"47":2,"48":2,"49":2,"50":1,"51":1,"52":2,"53":2,"54":1,"55":1,"56":1,"57":1,"58":1,"59":3,"60":3,"61":3,"62":3,"63":1,"64":2,"65":2,"66":0,"67":2,"68":2,"69":0,"70":0,"71":1},"f":{"0":6,"1":3,"2":3,"3":3,"4":3,"5":2,"6":2,"7":3,"8":3},"b":{"0":[1],"1":[1],"2":[1],"3":[1],"4":[0],"5":[1],"6":[1,1],"7":[1],"8":[0],"9":[0,2],"10":[2,2],"11":[0,2],"12":[2,2],"13":[0,2],"14":[2,2],"15":[0,2],"16":[2,2]}}
}
