TN:
SF:src/controllers/image.ts
FN:22,(anonymous_8)
FN:47,(anonymous_9)
FN:47,(anonymous_10)
FN:79,(anonymous_11)
FN:79,(anonymous_12)
FN:101,(anonymous_13)
FN:101,(anonymous_14)
FN:125,(anonymous_15)
FN:125,(anonymous_16)
FNF:9
FNH:9
FNDA:6,(anonymous_8)
FNDA:3,(anonymous_9)
FNDA:3,(anonymous_10)
FNDA:3,(anonymous_11)
FNDA:3,(anonymous_12)
FNDA:2,(anonymous_13)
FNDA:2,(anonymous_14)
FNDA:3,(anonymous_15)
FNDA:3,(anonymous_16)
DA:2,1
DA:3,1
DA:6,1
DA:13,1
DA:18,1
DA:19,1
DA:20,1
DA:22,1
DA:24,6
DA:26,6
DA:27,1
DA:30,5
DA:31,5
DA:34,5
DA:35,1
DA:39,4
DA:40,4
DA:41,1
DA:44,3
DA:47,3
DA:48,3
DA:49,3
DA:50,1
DA:54,2
DA:55,2
DA:56,0
DA:60,2
DA:69,1
DA:74,1
DA:75,1
DA:79,3
DA:80,3
DA:81,3
DA:83,3
DA:84,1
DA:88,2
DA:90,2
DA:91,1
DA:93,1
DA:96,0
DA:97,0
DA:101,2
DA:102,2
DA:104,2
DA:108,1
DA:109,1
DA:110,2
DA:111,2
DA:114,1
DA:120,1
DA:121,1
DA:125,3
DA:126,3
DA:127,3
DA:129,3
DA:130,1
DA:133,2
DA:146,2
DA:147,0
DA:150,2
DA:151,2
DA:153,0
DA:154,0
LF:63
LH:57
BRDA:26,0,0,1
BRDA:34,1,0,1
BRDA:40,2,0,1
BRDA:49,3,0,1
BRDA:55,4,0,0
BRDA:83,5,0,1
BRDA:90,6,0,1
BRDA:90,6,1,1
BRDA:129,7,0,1
BRDA:146,8,0,0
BRDA:146,9,0,0
BRDA:146,9,1,2
BRDA:146,10,0,2
BRDA:146,10,1,2
BRDA:146,11,0,0
BRDA:146,11,1,2
BRDA:146,12,0,2
BRDA:146,12,1,2
BRDA:146,13,0,0
BRDA:146,13,1,2
BRDA:146,14,0,2
BRDA:146,14,1,2
BRDA:146,15,0,0
BRDA:146,15,1,2
BRDA:146,16,0,2
BRDA:146,16,1,2
BRF:26
BRH:20
end_of_record
